c:\users\nils\documents\visual studio 2013\projects\cppplaydesignpatterns\cppplaydesignpatterns\debug\vc120.pdb
c:\users\nils\documents\visual studio 2013\projects\cppplaydesignpatterns\cppplaydesignpatterns\debug\vc120.idb
c:\users\nils\documents\visual studio 2013\projects\cppplaydesignpatterns\cppplaydesignpatterns\debug\adapter.obj
c:\users\nils\documents\visual studio 2013\projects\cppplaydesignpatterns\cppplaydesignpatterns\debug\adapter1.obj
c:\users\nils\documents\visual studio 2013\projects\cppplaydesignpatterns\cppplaydesignpatterns\debug\builder.obj
c:\users\nils\documents\visual studio 2013\projects\cppplaydesignpatterns\cppplaydesignpatterns\debug\composite.obj
c:\users\nils\documents\visual studio 2013\projects\cppplaydesignpatterns\cppplaydesignpatterns\debug\composite1.obj
c:\users\nils\documents\visual studio 2013\projects\cppplaydesignpatterns\cppplaydesignpatterns\debug\decorator1.obj
c:\users\nils\documents\visual studio 2013\projects\cppplaydesignpatterns\cppplaydesignpatterns\debug\observer.obj
c:\users\nils\documents\visual studio 2013\projects\cppplaydesignpatterns\cppplaydesignpatterns\debug\observerboost.obj
c:\users\nils\documents\visual studio 2013\projects\cppplaydesignpatterns\cppplaydesignpatterns\debug\state1.obj
c:\users\nils\documents\visual studio 2013\projects\cppplaydesignpatterns\cppplaydesignpatterns\debug\state2.obj
c:\users\nils\documents\visual studio 2013\projects\cppplaydesignpatterns\cppplaydesignpatterns\debug\strategy.obj
c:\users\nils\documents\visual studio 2013\projects\cppplaydesignpatterns\cppplaydesignpatterns\debug\decorator.obj
c:\users\nils\documents\visual studio 2013\projects\cppplaydesignpatterns\cppplaydesignpatterns\debug\strategy_dynamic.obj
c:\users\nils\documents\visual studio 2013\projects\cppplaydesignpatterns\cppplaydesignpatterns\debug\template.obj
c:\users\nils\documents\visual studio 2013\projects\cppplaydesignpatterns\cppplaydesignpatterns\debug\car_broker.obj
c:\users\nils\documents\visual studio 2013\projects\cppplaydesignpatterns\cppplaydesignpatterns\debug\cor_broker.obj
c:\users\nils\documents\visual studio 2013\projects\cppplaydesignpatterns\cppplaydesignpatterns\debug\cor_pointer.obj
c:\users\nils\documents\visual studio 2013\projects\cppplaydesignpatterns\cppplaydesignpatterns\debug\chainofresponsibility.obj
c:\users\nils\documents\visual studio 2013\projects\cppplaydesignpatterns\cppplaydesignpatterns\debug\command.obj
c:\users\nils\documents\visual studio 2013\projects\cppplaydesignpatterns\cppplaydesignpatterns\debug\command1.obj
c:\users\nils\documents\visual studio 2013\projects\cppplaydesignpatterns\cppplaydesignpatterns\debug\interpreter.obj
c:\users\nils\documents\visual studio 2013\projects\cppplaydesignpatterns\cppplaydesignpatterns\debug\iterator.obj
c:\users\nils\documents\visual studio 2013\projects\cppplaydesignpatterns\cppplaydesignpatterns\debug\mediator.obj
c:\users\nils\documents\visual studio 2013\projects\cppplaydesignpatterns\debug\cppplaydesignpatterns.ilk
c:\users\nils\documents\visual studio 2013\projects\cppplaydesignpatterns\debug\cppplaydesignpatterns.exe
c:\users\nils\documents\visual studio 2013\projects\cppplaydesignpatterns\debug\cppplaydesignpatterns.pdb
c:\users\nils\documents\visual studio 2013\projects\cppplaydesignpatterns\cppplaydesignpatterns\debug\cppplayd.608de9d9.tlog\cl.command.1.tlog
c:\users\nils\documents\visual studio 2013\projects\cppplaydesignpatterns\cppplaydesignpatterns\debug\cppplayd.608de9d9.tlog\cl.read.1.tlog
c:\users\nils\documents\visual studio 2013\projects\cppplaydesignpatterns\cppplaydesignpatterns\debug\cppplayd.608de9d9.tlog\cl.write.1.tlog
c:\users\nils\documents\visual studio 2013\projects\cppplaydesignpatterns\cppplaydesignpatterns\debug\cppplayd.608de9d9.tlog\link.command.1.tlog
c:\users\nils\documents\visual studio 2013\projects\cppplaydesignpatterns\cppplaydesignpatterns\debug\cppplayd.608de9d9.tlog\link.read.1.tlog
c:\users\nils\documents\visual studio 2013\projects\cppplaydesignpatterns\cppplaydesignpatterns\debug\cppplayd.608de9d9.tlog\link.write.1.tlog
