Build started 30.10.2016 18:20:56.
     1>Project "C:\Users\Nils\documents\visual studio 2013\Projects\cppplaydesignpatterns\cppplaydesignpatterns\cppplaydesignpatterns.vcxproj" on node 2 (Build target(s)).
     1>ClCompile:
         C:\Program Files (x86)\Microsoft Visual Studio 12.0\VC\bin\CL.exe /c /ZI /nologo /W3 /WX- /Od /Oy- /D WIN32 /D _SCL_SECURE_NO_WARNINGS /Gm /EHsc /RTC1 /MDd /GS /fp:precise /Zc:wchar_t /Zc:forScope /Fo"Debug\\" /Fd"Debug\vc120.pdb" /Gd /TP /analyze- /errorReport:prompt iterator.cpp
         iterator.cpp
         Unknown compiler version - please run the configure tests and report the results
       Link:
         C:\Program Files (x86)\Microsoft Visual Studio 12.0\VC\bin\link.exe /ERRORREPORT:PROMPT /OUT:"C:\Users\Nils\documents\visual studio 2013\Projects\cppplaydesignpatterns\Debug\cppplaydesignpatterns.exe" /INCREMENTAL /NOLOGO kernel32.lib user32.lib gdi32.lib winspool.lib comdlg32.lib advapi32.lib shell32.lib ole32.lib oleaut32.lib uuid.lib odbc32.lib odbccp32.lib /MANIFEST /MANIFESTUAC:"level='asInvoker' uiAccess='false'" /manifest:embed /DEBUG /PDB:"C:\Users\Nils\documents\visual studio 2013\Projects\cppplaydesignpatterns\Debug\cppplaydesignpatterns.pdb" /SUBSYSTEM:CONSOLE /TLBID:1 /DYNAMICBASE /NXCOMPAT /IMPLIB:"C:\Users\Nils\documents\visual studio 2013\Projects\cppplaydesignpatterns\Debug\cppplaydesignpatterns.lib" /MACHINE:X86 Debug\adapter.obj
         Debug\adapter1.obj
         Debug\builder.obj
         Debug\chainofresponsibility.obj
         Debug\command1.obj
         Debug\cor_broker.obj
         Debug\cor_pointer.obj
         Debug\composite.obj
         Debug\composite1.obj
         Debug\decorator.obj
         Debug\decorator1.obj
         Debug\interpreter.obj
         Debug\iterator.obj
         Debug\observer.obj
         Debug\observerboost.obj
         Debug\state1.obj
         Debug\state2.obj
         Debug\strategy_dynamic.obj
         Debug\template.obj
         cppplaydesignpatterns.vcxproj -> C:\Users\Nils\documents\visual studio 2013\Projects\cppplaydesignpatterns\Debug\cppplaydesignpatterns.exe
     1>Done Building Project "C:\Users\Nils\documents\visual studio 2013\Projects\cppplaydesignpatterns\cppplaydesignpatterns\cppplaydesignpatterns.vcxproj" (Build target(s)).

Build succeeded.

Time Elapsed 00:00:05.94
